<?xml version="1.0" encoding="UTF-8"?>
<testng-results ignored="0" total="1" passed="1" failed="0" skipped="0">
  <reporter-output>
  </reporter-output>
  <suite started-at="2022-05-26T20:14:58 IST" name="Default suite" finished-at="2022-05-26T20:15:28 IST" duration-ms="29699">
    <groups>
    </groups>
    <test started-at="2022-05-26T20:14:58 IST" name="Default test" finished-at="2022-05-26T20:15:28 IST" duration-ms="29699">
      <class name="zapoos.Final_Zapoos">
        <test-method is-config="true" signature="beforeClass()[pri:0, instance:zapoos.Final_Zapoos@d5b810e]" started-at="2022-05-26T20:14:58 IST" name="beforeClass" finished-at="2022-05-26T20:15:04 IST" duration-ms="5800" status="PASS">
          <reporter-output>
          </reporter-output>
        </test-method> <!-- beforeClass -->
        <test-method signature="module5()[pri:5, instance:zapoos.Final_Zapoos@d5b810e]" started-at="2022-05-26T20:15:04 IST" name="module5" finished-at="2022-05-26T20:15:28 IST" duration-ms="23815" status="PASS">
          <reporter-output>
          </reporter-output>
        </test-method> <!-- module5 -->
        <test-method is-config="true" signature="afterClass()[pri:0, instance:zapoos.Final_Zapoos@d5b810e]" started-at="2022-05-26T20:15:28 IST" name="afterClass" finished-at="2022-05-26T20:15:28 IST" duration-ms="1" status="PASS">
          <reporter-output>
          </reporter-output>
        </test-method> <!-- afterClass -->
      </class> <!-- zapoos.Final_Zapoos -->
    </test> <!-- Default test -->
  </suite> <!-- Default suite -->
</testng-results>
